Removed Pin From Net: NetName=MOSI_3V3 Pin=LevelShifter-A3
Removed Pin From Net: NetName=MISO_3V3 Pin=LevelShifter-A4
Removed Pin From Net: NetName=SCK_3V3 Pin=LevelShifter-A5
Removed Pin From Net: NetName=SDA_LAS_3V3 Pin=LevelShifter-A6
Removed Pin From Net: NetName=SCL_LAS_3V3 Pin=LevelShifter-A7
Removed Pin From Net: NetName=MOSI_VCC Pin=LevelShifter-B3
Removed Pin From Net: NetName=MISO_VCC Pin=LevelShifter-B4
Removed Pin From Net: NetName=SCK_VCC Pin=LevelShifter-B5
Removed Pin From Net: NetName=SDA_LAS_VCC Pin=LevelShifter-B6
Removed Pin From Net: NetName=SCL_LAS_VCC Pin=LevelShifter-B7
Added Pin To Net: NetName=SDA_LAS_3V3 Pin=LevelShifter-A3
Added Pin To Net: NetName=SCL_LAS_3V3 Pin=LevelShifter-A4
Added Pin To Net: NetName=MISO_3V3 Pin=LevelShifter-A5
Added Pin To Net: NetName=MISO_3V3 Pin=LevelShifter-A7
Added Pin To Net: NetName=SCK_3V3 Pin=LevelShifter-A8
Added Pin To Net: NetName=SCL_LAS_VCC Pin=LevelShifter-B3
Added Pin To Net: NetName=SDA_LAS_VCC Pin=LevelShifter-B4
Added Pin To Net: NetName=MOSI_VCC Pin=LevelShifter-B5
Added Pin To Net: NetName=MISO_VCC Pin=LevelShifter-B7
Added Pin To Net: NetName=SCK_VCC Pin=LevelShifter-B8
