Removed Pin From Net: NetName=L FEEDBACK1 Pin=TEENSY-14/A0
Removed Pin From Net: NetName=L FEEDBACK2 Pin=TEENSY-15/A1
Removed Pin From Net: NetName=L FEEDBACK3 Pin=TEENSY-16/A2
Removed Pin From Net: NetName=L FEEDBACK4 Pin=TEENSY-17/A3
Removed Pin From Net: NetName=LO Pin=TEENSY-18/A4/SDA
Removed Pin From Net: NetName=LI Pin=TEENSY-19/A5/SCL
Removed Pin From Net: NetName=SET Pin=TEENSY-21/DAC0
Removed Pin From Net: NetName=DIP3 Pin=TEENSY-24
Removed Pin From Net: NetName=DIP2 Pin=TEENSY-25
Removed Pin From Net: NetName=DIP1 Pin=TEENSY-26
Removed Pin From Net: NetName=RI Pin=TEENSY-31/A12
Removed Pin From Net: NetName=RO Pin=TEENSY-32/A13
Removed Pin From Net: NetName=BO Pin=TEENSY-A10
Removed Pin From Net: NetName=BI Pin=TEENSY-A11
Removed Pin From Net: NetName=FEEDBACK Pin=TEENSY-A22/DAC1
Added Pin To Net: NetName=DIP1 Pin=TEENSY-14/A0
Added Pin To Net: NetName=DIP2 Pin=TEENSY-15/A1
Added Pin To Net: NetName=DIP3 Pin=TEENSY-16/A2
Added Pin To Net: NetName=BO Pin=TEENSY-18/A4/SDA
Added Pin To Net: NetName=BI Pin=TEENSY-19/A5/SCL
Added Pin To Net: NetName=LO Pin=TEENSY-21/DAC0
Added Pin To Net: NetName=L FEEDBACK3 Pin=TEENSY-24
Added Pin To Net: NetName=L FEEDBACK2 Pin=TEENSY-25
Added Pin To Net: NetName=L FEEDBACK1 Pin=TEENSY-26
Added Pin To Net: NetName=L FEEDBACK4 Pin=TEENSY-31/A12
Added Pin To Net: NetName=FEEDBACK Pin=TEENSY-32/A13
Added Pin To Net: NetName=LI Pin=TEENSY-39/A20
Added Pin To Net: NetName=RO Pin=TEENSY-A10
Added Pin To Net: NetName=RI Pin=TEENSY-A11
Added Pin To Net: NetName=SET Pin=TEENSY-A22/DAC1
Added Member To Class: ClassName=main schematic Member=Component C ams1 smd
Added Member To Class: ClassName=main schematic Member=Component HC05
Added Room: Name=main schematic
