Removed Pin From Net: NetName=SCL_COM_VCC Pin=R idc up1-1
Removed Pin From Net: NetName=SDA_COM_VCC Pin=R idc up2-1
Removed Pin From Net: NetName=SCL_LAS_VCC Pin=R idc up3-1
Removed Pin From Net: NetName=VCC Pin=R idc up3-2
Removed Pin From Net: NetName=VCC Pin=R idc up4-1
Removed Pin From Net: NetName=SDA_LAS_VCC Pin=R idc up4-2
Change Component Footprint: Designator=R idc up1 Old Footprint=Resistor New Footprint=Resistor SMD 1206
Change Component Footprint: Designator=R idc up2 Old Footprint=Resistor New Footprint=Resistor SMD 1206
Change Component Footprint: Designator=R idc up3 Old Footprint=Resistor New Footprint=Resistor SMD 1206
Change Component Footprint: Designator=R idc up4 Old Footprint=Resistor New Footprint=Resistor SMD 1206
Change Component Comment : Designator=R idc up1 Old Comment=DIP New Comment=SMD
Change Component Comment : Designator=R idc up2 Old Comment=DIP New Comment=SMD
Change Component Comment : Designator=R idc up3 Old Comment=DIP New Comment=SMD
Change Component Comment : Designator=R idc up4 Old Comment=DIP New Comment=SMD
Added Pin To Net: NetName=SCL_LAS_VCC Pin=R idc up1-1
Added Pin To Net: NetName=SDA_LAS_VCC Pin=R idc up2-1
Added Pin To Net: NetName=VCC Pin=R idc up3-1
Added Pin To Net: NetName=SCL_COM_VCC Pin=R idc up3-2
Added Pin To Net: NetName=SDA_COM_VCC Pin=R idc up4-1
Added Pin To Net: NetName=VCC Pin=R idc up4-2
