Removed Pin From Net: NetName=SCL_COM_VCC Pin=bala-1
Removed Pin From Net: NetName=SDL_COM_VCC Pin=bala-2
Removed Pin From Net: NetName=VCC Pin=bala-4
Removed Pin From Net: NetName=RESET_BNO Pin=bala-10
Removed Pin From Net: NetName=SDL_COM_VCC Pin=CMP03-3
Removed Pin From Net: NetName=SDL_COM_VCC Pin=GY271-2
Removed Pin From Net: NetName=SCL_COM_VCC Pin=GY271-3
Removed Pin From Net: NetName=GND Pin=GY271-4
Removed Pin From Net: NetName=VCC Pin=GY271-5
Removed Pin From Net: NetName=SCL_COM_VCC Pin=YADAK-1
Removed Pin From Net: NetName=SDL_COM_VCC Pin=YADAK-2
Change Component Comment : Designator=BACK Old Comment=BACK New Comment=LEFT
Change Component Comment : Designator=YADAK Old Comment=BACK New Comment=LEFT
Change Component Comment : Designator=LEFT Old Comment=RIGHT New Comment=LEFT
Change Component Designator: OldDesignator=bala NewDesignator=UP?
Change Component Designator: OldDesignator=BNO 055 NewDesignator=BNO ?
Change Component Designator: OldDesignator=CMP03 NewDesignator=CMP?
Change Component Designator: OldDesignator=PIXY NewDesignator=PIXY?
Change Component Designator: OldDesignator=RIGHT NewDesignator=RIGHT?
Change Component Designator: OldDesignator=Screw1 NewDesignator=Screw?
Change Component Designator: OldDesignator=Screw2 NewDesignator=Screw?
Change Component Designator: OldDesignator=Screw3 NewDesignator=Screw?
Change Component Designator: OldDesignator=Screw4 NewDesignator=Screw?
Change Component Designator: OldDesignator=Screw5 NewDesignator=Screw?
Change Component Designator: OldDesignator=Screw6 NewDesignator=Screw?
Change Component Designator: OldDesignator=Screw7 NewDesignator=Screw?
Change Component Designator: OldDesignator=Screw8 NewDesignator=Screw?
Change Component Designator: OldDesignator=USB NewDesignator=USB?
Change Component Designator: OldDesignator=YADAK NewDesignator=LAZER
Added Pin To Net: NetName=SDA_COM_VCC Pin=CMP?-3
Added Pin To Net: NetName=SCL_LAS_VCC Pin=LAZER-1
Added Pin To Net: NetName=SDL_LAS_VCC Pin=LAZER-2
Added Pin To Net: NetName=RESET_BNO Pin=UP?-2
Added Pin To Net: NetName=SCL_LAS_VCC Pin=UP?-4
Added Pin To Net: NetName=VCC Pin=UP?-5
Added Pin To Net: NetName=SDA_LAS_VCC Pin=UP?-6
Added Pin To Net: NetName=SCL_COM_VCC Pin=UP?-8
Added Pin To Net: NetName=SDA_COM_VCC Pin=UP?-10
Added Member To Class: ClassName=top Member=Component CMP? CMP03
Added Member To Class: ClassName=top Member=Component LAZER LEFT
Added Member To Class: ClassName=top Member=Component PIXY? Header 4
Added Member To Class: ClassName=top Member=Component RIGHT? LEFT
Added Member To Class: ClassName=top Member=Component Screw? Screw
Added Member To Class: ClassName=top Member=Component Screw? Screw
Added Member To Class: ClassName=top Member=Component Screw? Screw
Added Member To Class: ClassName=top Member=Component Screw? Screw
Added Member To Class: ClassName=top Member=Component Screw? Screw
Added Member To Class: ClassName=top Member=Component Screw? Screw
Added Member To Class: ClassName=top Member=Component Screw? Screw
Added Member To Class: ClassName=top Member=Component Screw? Screw
Added Member To Class: ClassName=top Member=Component UP? IDC2x5
